  main.cpp
C:\Users\SAMY\source\repos\main\main\clsString.h(39,25): warning C4267: 'return': conversion from 'size_t' to 'short', possible loss of data
  (compiling source file 'main.cpp')
  
C:\Users\SAMY\source\repos\main\main\clsString.h(44,29): warning C4267: 'return': conversion from 'size_t' to 'short', possible loss of data
  (compiling source file 'main.cpp')
  
C:\Users\SAMY\source\repos\main\main\clsString.h(56,30): warning C4267: '=': conversion from 'size_t' to 'short', possible loss of data
  (compiling source file 'main.cpp')
  
C:\Users\SAMY\source\repos\main\main\clsString.h(193,29): warning C4267: 'return': conversion from 'size_t' to 'short', possible loss of data
  (compiling source file 'main.cpp')
  
C:\Users\SAMY\source\repos\main\main\clsString.h(324,30): warning C4267: '=': conversion from 'size_t' to 'short', possible loss of data
  (compiling source file 'main.cpp')
  
C:\Users\SAMY\source\repos\main\main\clsString.h(372,22): warning C4267: 'initializing': conversion from 'size_t' to 'short', possible loss of data
  (compiling source file 'main.cpp')
  
C:\Users\SAMY\source\repos\main\main\clsDate.h(27,20): warning C4244: '=': conversion from 'double' to 'short', possible loss of data
  (compiling source file 'main.cpp')
  
C:\Users\SAMY\source\repos\main\main\clsDate.h(28,22): warning C4244: '=': conversion from 'double' to 'short', possible loss of data
  (compiling source file 'main.cpp')
  
C:\Users\SAMY\source\repos\main\main\clsDate.h(29,21): warning C4244: '=': conversion from 'double' to 'short', possible loss of data
  (compiling source file 'main.cpp')
  
C:\Users\SAMY\source\repos\main\main\clsUtile.h(64,5): warning C4102: 'defualt': unreferenced label
  (compiling source file 'main.cpp')
  
C:\Users\SAMY\source\repos\main\main\clsInputValidate.h(113,16): warning C4244: 'initializing': conversion from 'double' to 'float', possible loss of data
  (compiling source file 'main.cpp')
  
C:\Users\SAMY\source\repos\main\main\clsInputValidate.h(117,26): warning C4244: '=': conversion from 'double' to 'float', possible loss of data
  (compiling source file 'main.cpp')
  
C:\Users\SAMY\source\repos\main\main\clsUser.h(125,17): warning C4091: 'static ': ignored on left of 'clsUser::St_DataSeachon' when no variable is declared
  (compiling source file 'main.cpp')
  
C:\Users\SAMY\source\repos\main\main\clsBankClient.h(319,18): warning C4091: 'static ': ignored on left of 'clsBankClient::St_DataLogtransfer' when no variable is declared
  (compiling source file 'main.cpp')
  
C:\Users\SAMY\source\repos\main\main\clsBankClient.h(283,28): warning C4244: '+=': conversion from 'double' to 'float', possible loss of data
  (compiling source file 'main.cpp')
  
C:\Users\SAMY\source\repos\main\main\clsBankClient.h(296,32): warning C4244: '-=': conversion from 'double' to 'float', possible loss of data
  (compiling source file 'main.cpp')
  
C:\Users\SAMY\source\repos\main\main\clsBankClient.h(339,38): warning C4244: '=': conversion from 'int' to 'float', possible loss of data
  (compiling source file 'main.cpp')
  
C:\Users\SAMY\source\repos\main\main\clsBankClient.h(340,28): warning C4244: '=': conversion from 'int' to 'float', possible loss of data
  (compiling source file 'main.cpp')
  
C:\Users\SAMY\source\repos\main\main\clsBankClient.h(341,28): warning C4244: '=': conversion from 'int' to 'float', possible loss of data
  (compiling source file 'main.cpp')
  
C:\Users\SAMY\source\repos\main\main\clsAddNewClientScreen.h(23,67): warning C4244: 'argument': conversion from 'double' to 'float', possible loss of data
  (compiling source file 'main.cpp')
  
C:\Users\SAMY\source\repos\main\main\clsUpdateClientScreen.h(22,67): warning C4244: 'argument': conversion from 'double' to 'float', possible loss of data
  (compiling source file 'main.cpp')
  
C:\Users\SAMY\source\repos\main\main\TransferScreen.h(30,53): warning C4244: '=': conversion from 'double' to 'float', possible loss of data
  (compiling source file 'main.cpp')
  
C:\Users\SAMY\source\repos\main\main\clsTotalBalancesScreen.h(57,82): warning C4244: 'argument': conversion from 'double' to 'int', possible loss of data
  (compiling source file 'main.cpp')
  
C:\Users\SAMY\source\repos\main\main\clsBankClient.h(249,1): warning C4715: 'clsBankClient::Save': not all control paths return a value
  main.vcxproj -> C:\Users\SAMY\source\repos\main\x64\Debug\main.exe
